<?xml version="1.0" encoding="UTF-8"?>
<!-- Generated by org.testng.reporters.JUnitReportReporter -->
<testsuite skipped="0" hostname="DESKTOP-49DAN1U" name="org.winvinaya.academy.testauto.test.testsuites.WebTestUserLoadingTime" tests="1" failures="0" timestamp="05 Mar 2022 11:50:31 GMT" time="105.310" errors="0">
  <testcase name="AcdemyLoginTest" time="105.310" classname="org.winvinaya.academy.testauto.test.testsuites.WebTestUserLoadingTime"/>
</testsuite> <!-- org.winvinaya.academy.testauto.test.testsuites.WebTestUserLoadingTime -->
