<?xml version="1.0" encoding="UTF-8"?>
<!-- Generated by org.testng.reporters.JUnitReportReporter -->
<testsuite hostname="DESKTOP-LJ29EIC" failures="0" tests="1" name="org.winvinaya.academy.testauto.test.testsuites.WebTestUserLoadingTime" time="159.342" errors="0" timestamp="05 Feb 2022 17:03:32 GMT" skipped="0">
  <testcase classname="org.winvinaya.academy.testauto.test.testsuites.WebTestUserLoadingTime" name="AcdemyLoginTest" time="159.342"/>
</testsuite> <!-- org.winvinaya.academy.testauto.test.testsuites.WebTestUserLoadingTime -->
