<?xml version="1.0" encoding="UTF-8"?>
<!-- Generated by org.testng.reporters.JUnitReportReporter -->
<testsuite hostname="DESKTOP-LJ29EIC" failures="0" tests="1" name="org.winvinaya.academy.testauto.test.testsuites.WebTestAcdemyLogin" time="25.568" errors="0" timestamp="29 May 2021 18:52:00 GMT" skipped="0">
  <testcase classname="org.winvinaya.academy.testauto.test.testsuites.WebTestAcdemyLogin" name="AcdemyLoginTest" time="25.568"/>
</testsuite> <!-- org.winvinaya.academy.testauto.test.testsuites.WebTestAcdemyLogin -->
