<?xml version="1.0" encoding="UTF-8"?>
<!-- Generated by org.testng.reporters.JUnitReportReporter -->
<testsuite hostname="DESKTOP-LJ29EIC" failures="0" tests="1" name="org.winvinaya.academy.testauto.test.testsuites.WebTestJavaCourse" time="34.583" errors="0" timestamp="31 Jan 2022 07:32:19 GMT" skipped="0">
  <testcase classname="org.winvinaya.academy.testauto.test.testsuites.WebTestJavaCourse" name="AcdemyLoginTest" time="34.583"/>
</testsuite> <!-- org.winvinaya.academy.testauto.test.testsuites.WebTestJavaCourse -->
