<?xml version="1.0" encoding="UTF-8"?>
<!-- Generated by org.testng.reporters.JUnitReportReporter -->
<testsuite hostname="DESKTOP-LJ29EIC" failures="0" tests="1" name="org.winvinaya.academy.testauto.test.testsuites.WebTestLodingTime" time="40.467" errors="0" timestamp="05 Feb 2022 10:55:15 GMT" skipped="0">
  <testcase classname="org.winvinaya.academy.testauto.test.testsuites.WebTestLodingTime" name="AcdemyLoginTest" time="40.467"/>
</testsuite> <!-- org.winvinaya.academy.testauto.test.testsuites.WebTestLodingTime -->
